<?xml version="1.0" encoding="UTF-8"?>
<testsuite xmlns:xsi="http://www.w3.org/2001/XMLSchema-instance" xsi:noNamespaceSchemaLocation="https://maven.apache.org/surefire/maven-surefire-plugin/xsd/surefire-test-report.xsd" version="3.0.1" name="com.example.CompraTest" time="0.075" tests="3" errors="0" skipped="0" failures="0">
  <properties>
[...]
</properties>
  <testcase name="testTotalCompra" classname="com.example.CompraTest" time="0.034">
    <system-out><![CDATA[Producto 'Camiseta' agregado a la compra.
]]></system-out>
  </testcase>
  <testcase name="testConsultarCompras" classname="com.example.CompraTest" time="0.009">
    <system-out><![CDATA[Producto 'Camiseta' agregado a la compra.
Productos en la compra número 1:
 - Camiseta: $19.99
Total: $19.99
]]></system-out>
  </testcase>
  <testcase name="testAgregarProducto" classname="com.example.CompraTest" time="0.001">
    <system-out><![CDATA[Producto 'Camiseta' agregado a la compra.
]]></system-out>
  </testcase>
</testsuite>